   Compiling blake3 v1.8.5
   Compiling x11-dl v2.21.0
   Compiling bevy_asset v0.18.1
   Compiling winit v0.30.13
   Compiling accesskit_winit v0.29.2
   Compiling bevy_winit v0.18.1
   Compiling bevy_image v0.18.1
   Compiling bevy_shader v0.18.1
   Compiling bevy_mesh v0.18.1
   Compiling bevy_text v0.18.1
   Compiling bevy_camera v0.18.1
   Compiling bevy_animation v0.18.1
   Compiling bevy_render v0.18.1
   Compiling bevy_sprite v0.18.1
   Compiling bevy_light v0.18.1
   Compiling bevy_scene v0.18.1
   Compiling bevy_ui v0.18.1
   Compiling bevy_core_pipeline v0.18.1
   Compiling bevy_pbr v0.18.1
   Compiling bevy_sprite_render v0.18.1
   Compiling bevy_ui_render v0.18.1
   Compiling bevy_gltf v0.18.1
   Compiling bevy_internal v0.18.1
   Compiling bevy v0.18.1
   Compiling bevy_transform_interpolation v0.4.0
   Compiling avian3d v0.6.1
   Compiling ironarm_sim v0.1.0 (/home/wenjiu/project/ironarm/ironarm_sim)
    Finished `dev` profile [unoptimized + debuginfo] target(s) in 58.49s
warning: the following packages contain code that will be rejected by a future version of Rust: proc-macro-error2 v2.0.1
note: to see what the problems were, use the option `--future-incompat-report`, or run `cargo report future-incompatibilities --id 1`
     Running `target/debug/ironarm_sim`
[2m2026-05-28T14:19:19.348125Z[0m [33m WARN[0m [1mplugin build[0m[1m{[0mplugin="bevy_winit::WinitPlugin"[1m}[0m[2m:[0m [2mwinit::platform_impl::linux::x11::xdisplay[0m[2m:[0m error setting XSETTINGS; Xft options won't reload automatically
WARNING: dzn is not a conformant Vulkan implementation, testing use only.
[2m2026-05-28T14:19:19.619865Z[0m [32m INFO[0m [1mplugin build[0m[1m{[0mplugin="bevy_render::RenderPlugin"[1m}[0m[2m:[0m [2mbevy_render::renderer[0m[2m:[0m AdapterInfo { name: "Microsoft Direct3D12 (NVIDIA GeForce RTX 3060)", vendor: 4318, device: 9351, device_type: DiscreteGpu, driver: "Dozen", driver_info: "Mesa 26.1.0", backend: Vulkan }
[2m2026-05-28T14:19:19.974314Z[0m [32m INFO[0m [1mbevy_app[0m[2m:[0m[1mplugin finish[0m[2m:[0m[1mplugin finish[0m[1m{[0mplugin="bevy_render::batching::gpu_preprocessing::BatchingPlugin"[1m}[0m[2m:[0m [2mbevy_render::batching::gpu_preprocessing[0m[2m:[0m GPU preprocessing is fully supported on this device.
[2m2026-05-28T14:19:19.989445Z[0m [32m INFO[0m [1mbevy_app[0m[2m:[0m [2mbevy_winit::system[0m[2m:[0m Creating new window ironarm_sim (0v0)
[2m2026-05-28T14:19:19.989984Z[0m [33m WARN[0m [1mbevy_app[0m[2m:[0m [2mwinit::platform_impl::linux::x11::util::randr[0m[2m:[0m XRandR reported that the display's 0mm in size, which is certifiably insane
[2m2026-05-28T14:19:19.990387Z[0m [32m INFO[0m [1mbevy_app[0m[2m:[0m [2mwinit::platform_impl::linux::x11::window[0m[2m:[0m Guessed window scale factor: 1
00:00:00.000 [Debug] Joint #1: angle=0.5 rad, velocity=0 rad/s
00:00:00.000 [Debug] Joint #0: angle=0.5 rad, velocity=0 rad/s
00:00:00.015 [Debug] Joint #1: angle=0.5 rad, velocity=0 rad/s
00:00:00.015 [Debug] Joint #0: angle=0.5 rad, velocity=0 rad/s
00:00:00.031 [Debug] Joint #1: angle=0.5 rad, velocity=0 rad/s
00:00:00.031 [Debug] Joint #0: angle=0.5 rad, velocity=0 rad/s
00:00:00.046 [Debug] Joint #1: angle=0.5 rad, velocity=0 rad/s
00:00:00.046 [Debug] Joint #0: angle=0.5 rad, velocity=0 rad/s
00:00:00.062 [Debug] Joint #1: angle=0.5 rad, velocity=0 rad/s
00:00:00.062 [Debug] Joint #0: angle=0.5 rad, velocity=0 rad/s
00:00:00.078 [Debug] Joint #1: angle=0.5 rad, velocity=0 rad/s
00:00:00.078 [Debug] Joint #0: angle=0.5 rad, velocity=0 rad/s
00:00:00.093 [Debug] Joint #1: angle=0.5 rad, velocity=0 rad/s
00:00:00.093 [Debug] Joint #0: angle=0.5 rad, velocity=0 rad/s
00:00:00.109 [Debug] Joint #1: angle=0.5 rad, velocity=0 rad/s
00:00:00.109 [Debug] Joint #0: angle=0.5 rad, velocity=0 rad/s
00:00:00.125 [Debug] Joint #1: angle=0.5 rad, velocity=0 rad/s
00:00:00.125 [Debug] Joint #0: angle=0.5 rad, velocity=0 rad/s
00:00:00.140 [Debug] Joint #1: angle=0.5 rad, velocity=0 rad/s
00:00:00.140 [Debug] Joint #0: angle=0.5 rad, velocity=0 rad/s
00:00:00.156 [Debug] Joint #1: angle=0.5 rad, velocity=0 rad/s
00:00:00.156 [Debug] Joint #0: angle=0.5 rad, velocity=0 rad/s
00:00:00.171 [Debug] Joint #1: angle=0.5 rad, velocity=0 rad/s
00:00:00.171 [Debug] Joint #0: angle=0.5 rad, velocity=0 rad/s
00:00:00.187 [Debug] Joint #1: angle=0.5 rad, velocity=0 rad/s
00:00:00.187 [Debug] Joint #0: angle=0.5 rad, velocity=0 rad/s
00:00:00.203 [Debug] Joint #1: angle=0.5 rad, velocity=0 rad/s
00:00:00.203 [Debug] Joint #0: angle=0.5 rad, velocity=0 rad/s
00:00:00.218 [Debug] Joint #1: angle=0.5 rad, velocity=0 rad/s
00:00:00.218 [Debug] Joint #0: angle=0.5 rad, velocity=0 rad/s
00:00:00.234 [Debug] Joint #1: angle=0.5 rad, velocity=0 rad/s
00:00:00.234 [Debug] Joint #0: angle=0.5 rad, velocity=0 rad/s
00:00:00.250 [Debug] Joint #1: angle=0.5 rad, velocity=0 rad/s
00:00:00.250 [Debug] Joint #0: angle=0.5 rad, velocity=0 rad/s
00:00:00.265 [Debug] Joint #1: angle=0.5 rad, velocity=0 rad/s
00:00:00.265 [Debug] Joint #0: angle=0.5 rad, velocity=0 rad/s
00:00:00.281 [Debug] Joint #1: angle=0.5 rad, velocity=0 rad/s
00:00:00.281 [Debug] Joint #0: angle=0.5 rad, velocity=0 rad/s
00:00:00.296 [Debug] Joint #1: angle=0.5 rad, velocity=0 rad/s
00:00:00.296 [Debug] Joint #0: angle=0.5 rad, velocity=0 rad/s
00:00:00.312 [Debug] Joint #1: angle=0.5 rad, velocity=0 rad/s
00:00:00.312 [Debug] Joint #0: angle=0.5 rad, velocity=0 rad/s
00:00:00.328 [Debug] Joint #1: angle=0.5 rad, velocity=0 rad/s
00:00:00.328 [Debug] Joint #0: angle=0.5 rad, velocity=0 rad/s
00:00:00.343 [Debug] Joint #1: angle=0.5 rad, velocity=0 rad/s
00:00:00.343 [Debug] Joint #0: angle=0.5 rad, velocity=0 rad/s
00:00:00.359 [Debug] Joint #1: angle=0.5 rad, velocity=0 rad/s
00:00:00.359 [Debug] Joint #0: angle=0.5 rad, velocity=0 rad/s
00:00:00.375 [Debug] Joint #1: angle=0.5 rad, velocity=0 rad/s
00:00:00.375 [Debug] Joint #0: angle=0.5 rad, velocity=0 rad/s
00:00:00.390 [Debug] Joint #1: angle=0.5 rad, velocity=0 rad/s
00:00:00.390 [Debug] Joint #0: angle=0.5 rad, velocity=0 rad/s
00:00:00.406 [Debug] Joint #1: angle=0.5 rad, velocity=0 rad/s
00:00:00.406 [Debug] Joint #0: angle=0.5 rad, velocity=0 rad/s
00:00:00.421 [Debug] Joint #1: angle=0.5 rad, velocity=0 rad/s
00:00:00.421 [Debug] Joint #0: angle=0.5 rad, velocity=0 rad/s
00:00:00.437 [Debug] Joint #1: angle=0.5 rad, velocity=0 rad/s
00:00:00.437 [Debug] Joint #0: angle=0.5 rad, velocity=0 rad/s
00:00:00.453 [Debug] Joint #1: angle=0.5 rad, velocity=0 rad/s
00:00:00.453 [Debug] Joint #0: angle=0.5 rad, velocity=0 rad/s
00:00:00.468 [Debug] Joint #1: angle=0.5 rad, velocity=0 rad/s
00:00:00.468 [Debug] Joint #0: angle=0.5 rad, velocity=0 rad/s
00:00:00.484 [Debug] Joint #1: angle=0.5 rad, velocity=0 rad/s
00:00:00.484 [Debug] Joint #0: angle=0.5 rad, velocity=0 rad/s
00:00:00.500 [Debug] Joint #1: angle=0.5 rad, velocity=0 rad/s
00:00:00.500 [Debug] Joint #0: angle=0.5 rad, velocity=0 rad/s
00:00:00.515 [Debug] Joint #1: angle=0.5 rad, velocity=0 rad/s
00:00:00.515 [Debug] Joint #0: angle=0.5 rad, velocity=0 rad/s
00:00:00.531 [Debug] Joint #1: angle=0.5 rad, velocity=0 rad/s
00:00:00.531 [Debug] Joint #0: angle=0.5 rad, velocity=0 rad/s
00:00:00.546 [Debug] Joint #1: angle=0.5 rad, velocity=0 rad/s
00:00:00.546 [Debug] Joint #0: angle=0.5 rad, velocity=0 rad/s
00:00:00.562 [Debug] Joint #1: angle=0.5 rad, velocity=0 rad/s
00:00:00.562 [Debug] Joint #0: angle=0.5 rad, velocity=0 rad/s
00:00:00.578 [Debug] Joint #1: angle=0.5 rad, velocity=0 rad/s
00:00:00.578 [Debug] Joint #0: angle=0.5 rad, velocity=0 rad/s
00:00:00.593 [Debug] Joint #1: angle=0.5 rad, velocity=0 rad/s
00:00:00.593 [Debug] Joint #0: angle=0.5 rad, velocity=0 rad/s
00:00:00.609 [Debug] Joint #1: angle=0.5 rad, velocity=0 rad/s
00:00:00.609 [Debug] Joint #0: angle=0.5 rad, velocity=0 rad/s
00:00:00.625 [Debug] Joint #1: angle=0.5 rad, velocity=0 rad/s
00:00:00.625 [Debug] Joint #0: angle=0.5 rad, velocity=0 rad/s
00:00:00.640 [Debug] Joint #1: angle=0.5 rad, velocity=0 rad/s
00:00:00.640 [Debug] Joint #0: angle=0.5 rad, velocity=0 rad/s
00:00:00.656 [Debug] Joint #1: angle=0.5 rad, velocity=0 rad/s
00:00:00.656 [Debug] Joint #0: angle=0.5 rad, velocity=0 rad/s
00:00:00.671 [Debug] Joint #1: angle=0.5 rad, velocity=0 rad/s
00:00:00.671 [Debug] Joint #0: angle=0.5 rad, velocity=0 rad/s
00:00:00.687 [Debug] Joint #1: angle=0.5 rad, velocity=0 rad/s
00:00:00.687 [Debug] Joint #0: angle=0.5 rad, velocity=0 rad/s
00:00:00.703 [Debug] Joint #1: angle=0.5 rad, velocity=0 rad/s
00:00:00.703 [Debug] Joint #0: angle=0.5 rad, velocity=0 rad/s
00:00:00.718 [Debug] Joint #1: angle=0.5 rad, velocity=0 rad/s
00:00:00.718 [Debug] Joint #0: angle=0.5 rad, velocity=0 rad/s
00:00:00.734 [Debug] Joint #1: angle=0.5 rad, velocity=0 rad/s
00:00:00.734 [Debug] Joint #0: angle=0.5 rad, velocity=0 rad/s
00:00:00.750 [Debug] Joint #1: angle=0.5 rad, velocity=0 rad/s
00:00:00.750 [Debug] Joint #0: angle=0.5 rad, velocity=0 rad/s
00:00:00.765 [Debug] Joint #1: angle=0.5 rad, velocity=0 rad/s
00:00:00.765 [Debug] Joint #0: angle=0.5 rad, velocity=0 rad/s
00:00:00.781 [Debug] Joint #1: angle=0.5 rad, velocity=0 rad/s
00:00:00.781 [Debug] Joint #0: angle=0.5 rad, velocity=0 rad/s
00:00:00.796 [Debug] Joint #1: angle=0.5 rad, velocity=0 rad/s
00:00:00.796 [Debug] Joint #0: angle=0.5 rad, velocity=0 rad/s
00:00:00.812 [Debug] Joint #1: angle=0.5 rad, velocity=0 rad/s
00:00:00.812 [Debug] Joint #0: angle=0.5 rad, velocity=0 rad/s
00:00:00.828 [Debug] Joint #1: angle=0.5 rad, velocity=0 rad/s
00:00:00.828 [Debug] Joint #0: angle=0.5 rad, velocity=0 rad/s
00:00:00.843 [Debug] Joint #1: angle=0.5 rad, velocity=0 rad/s
00:00:00.843 [Debug] Joint #0: angle=0.5 rad, velocity=0 rad/s
00:00:00.859 [Debug] Joint #1: angle=0.5 rad, velocity=0 rad/s
00:00:00.859 [Debug] Joint #0: angle=0.5 rad, velocity=0 rad/s
00:00:00.875 [Debug] Joint #1: angle=0.5 rad, velocity=0 rad/s
00:00:00.875 [Debug] Joint #0: angle=0.5 rad, velocity=0 rad/s
00:00:00.890 [Debug] Joint #1: angle=0.5 rad, velocity=0 rad/s
00:00:00.890 [Debug] Joint #0: angle=0.5 rad, velocity=0 rad/s
00:00:00.906 [Debug] Joint #1: angle=0.5 rad, velocity=0 rad/s
00:00:00.906 [Debug] Joint #0: angle=0.5 rad, velocity=0 rad/s
00:00:00.921 [Debug] Joint #1: angle=0.5 rad, velocity=0 rad/s
00:00:00.921 [Debug] Joint #0: angle=0.5 rad, velocity=0 rad/s
00:00:00.937 [Debug] Joint #1: angle=0.5 rad, velocity=0 rad/s
00:00:00.937 [Debug] Joint #0: angle=0.5 rad, velocity=0 rad/s
00:00:00.953 [Debug] Joint #1: angle=0.5 rad, velocity=0 rad/s
00:00:00.953 [Debug] Joint #0: angle=0.5 rad, velocity=0 rad/s
00:00:00.968 [Debug] Joint #1: angle=0.5 rad, velocity=0 rad/s
00:00:00.968 [Debug] Joint #0: angle=0.5 rad, velocity=0 rad/s
00:00:00.984 [Debug] Joint #1: angle=0.5 rad, velocity=0 rad/s
00:00:00.984 [Debug] Joint #0: angle=0.5 rad, velocity=0 rad/s
00:00:01.000 [Debug] Joint #1: angle=0.5 rad, velocity=0 rad/s
00:00:01.000 [Debug] Joint #0: angle=0.5 rad, velocity=0 rad/s
00:00:01.015 [Debug] Joint #1: angle=0.5 rad, velocity=0 rad/s
00:00:01.015 [Debug] Joint #0: angle=0.5 rad, velocity=0 rad/s
00:00:01.031 [Debug] Joint #1: angle=0.5 rad, velocity=0 rad/s
00:00:01.031 [Debug] Joint #0: angle=0.5 rad, velocity=0 rad/s
00:00:01.046 [Debug] Joint #1: angle=0.5 rad, velocity=0 rad/s
00:00:01.046 [Debug] Joint #0: angle=0.5 rad, velocity=0 rad/s
00:00:01.062 [Debug] Joint #1: angle=0.5 rad, velocity=0 rad/s
00:00:01.062 [Debug] Joint #0: angle=0.5 rad, velocity=0 rad/s
00:00:01.078 [Debug] Joint #1: angle=0.5 rad, velocity=0 rad/s
00:00:01.078 [Debug] Joint #0: angle=0.5 rad, velocity=0 rad/s
00:00:01.093 [Debug] Joint #1: angle=0.5 rad, velocity=0 rad/s
00:00:01.093 [Debug] Joint #0: angle=0.5 rad, velocity=0 rad/s
00:00:01.109 [Debug] Joint #1: angle=0.5 rad, velocity=0 rad/s
00:00:01.109 [Debug] Joint #0: angle=0.5 rad, velocity=0 rad/s
00:00:01.125 [Debug] Joint #1: angle=0.5 rad, velocity=0 rad/s
00:00:01.125 [Debug] Joint #0: angle=0.5 rad, velocity=0 rad/s
00:00:01.140 [Debug] Joint #1: angle=0.5 rad, velocity=0 rad/s
00:00:01.140 [Debug] Joint #0: angle=0.5 rad, velocity=0 rad/s
00:00:01.156 [Debug] Joint #1: angle=0.5 rad, velocity=0 rad/s
00:00:01.156 [Debug] Joint #0: angle=0.5 rad, velocity=0 rad/s
00:00:01.171 [Debug] Joint #1: angle=0.5 rad, velocity=0 rad/s
00:00:01.171 [Debug] Joint #0: angle=0.5 rad, velocity=0 rad/s
00:00:01.187 [Debug] Joint #1: angle=0.5 rad, velocity=0 rad/s
00:00:01.187 [Debug] Joint #0: angle=0.5 rad, velocity=0 rad/s
00:00:01.203 [Debug] Joint #1: angle=0.5 rad, velocity=0 rad/s
00:00:01.203 [Debug] Joint #0: angle=0.5 rad, velocity=0 rad/s
00:00:01.218 [Debug] Joint #1: angle=0.5 rad, velocity=0 rad/s
00:00:01.218 [Debug] Joint #0: angle=0.5 rad, velocity=0 rad/s
00:00:01.234 [Debug] Joint #1: angle=0.5 rad, velocity=0 rad/s
00:00:01.234 [Debug] Joint #0: angle=0.5 rad, velocity=0 rad/s
00:00:01.250 [Debug] Joint #1: angle=0.5 rad, velocity=0 rad/s
00:00:01.250 [Debug] Joint #0: angle=0.5 rad, velocity=0 rad/s
00:00:01.265 [Debug] Joint #1: angle=0.5 rad, velocity=0 rad/s
00:00:01.265 [Debug] Joint #0: angle=0.5 rad, velocity=0 rad/s
00:00:01.281 [Debug] Joint #1: angle=0.5 rad, velocity=0 rad/s
00:00:01.281 [Debug] Joint #0: angle=0.5 rad, velocity=0 rad/s
00:00:01.296 [Debug] Joint #1: angle=0.5 rad, velocity=0 rad/s
00:00:01.296 [Debug] Joint #0: angle=0.5 rad, velocity=0 rad/s
00:00:01.312 [Debug] Joint #1: angle=0.5 rad, velocity=0 rad/s
00:00:01.312 [Debug] Joint #0: angle=0.5 rad, velocity=0 rad/s
00:00:01.328 [Debug] Joint #1: angle=0.5 rad, velocity=0 rad/s
00:00:01.328 [Debug] Joint #0: angle=0.5 rad, velocity=0 rad/s
00:00:01.343 [Debug] Joint #1: angle=0.5 rad, velocity=0 rad/s
00:00:01.343 [Debug] Joint #0: angle=0.5 rad, velocity=0 rad/s
00:00:01.359 [Debug] Joint #1: angle=0.5 rad, velocity=0 rad/s
00:00:01.359 [Debug] Joint #0: angle=0.5 rad, velocity=0 rad/s
00:00:01.375 [Debug] Joint #1: angle=0.5 rad, velocity=0 rad/s
00:00:01.375 [Debug] Joint #0: angle=0.5 rad, velocity=0 rad/s
00:00:01.390 [Debug] Joint #1: angle=0.5 rad, velocity=0 rad/s
00:00:01.390 [Debug] Joint #0: angle=0.5 rad, velocity=0 rad/s
00:00:01.406 [Debug] Joint #1: angle=0.5 rad, velocity=0 rad/s
00:00:01.406 [Debug] Joint #0: angle=0.5 rad, velocity=0 rad/s
00:00:01.421 [Debug] Joint #1: angle=0.5 rad, velocity=0 rad/s
00:00:01.421 [Debug] Joint #0: angle=0.5 rad, velocity=0 rad/s
00:00:01.437 [Debug] Joint #1: angle=0.5 rad, velocity=0 rad/s
00:00:01.437 [Debug] Joint #0: angle=0.5 rad, velocity=0 rad/s
00:00:01.453 [Debug] Joint #1: angle=0.5 rad, velocity=0 rad/s
00:00:01.453 [Debug] Joint #0: angle=0.5 rad, velocity=0 rad/s
00:00:01.468 [Debug] Joint #1: angle=0.5 rad, velocity=0 rad/s
00:00:01.468 [Debug] Joint #0: angle=0.5 rad, velocity=0 rad/s
00:00:01.484 [Debug] Joint #1: angle=0.5 rad, velocity=0 rad/s
00:00:01.484 [Debug] Joint #0: angle=0.5 rad, velocity=0 rad/s
00:00:01.500 [Debug] Joint #1: angle=0.5 rad, velocity=0 rad/s
00:00:01.500 [Debug] Joint #0: angle=0.5 rad, velocity=0 rad/s
00:00:01.515 [Debug] Joint #1: angle=0.5 rad, velocity=0 rad/s
00:00:01.515 [Debug] Joint #0: angle=0.5 rad, velocity=0 rad/s
00:00:01.531 [Debug] Joint #1: angle=0.5 rad, velocity=0 rad/s
00:00:01.531 [Debug] Joint #0: angle=0.5 rad, velocity=0 rad/s
00:00:01.546 [Debug] Joint #1: angle=0.5 rad, velocity=0 rad/s
00:00:01.546 [Debug] Joint #0: angle=0.5 rad, velocity=0 rad/s
00:00:01.562 [Debug] Joint #1: angle=0.5 rad, velocity=0 rad/s
00:00:01.562 [Debug] Joint #0: angle=0.5 rad, velocity=0 rad/s
00:00:01.578 [Debug] Joint #1: angle=0.5 rad, velocity=0 rad/s
00:00:01.578 [Debug] Joint #0: angle=0.5 rad, velocity=0 rad/s
00:00:01.593 [Debug] Joint #1: angle=0.5 rad, velocity=0 rad/s
00:00:01.593 [Debug] Joint #0: angle=0.5 rad, velocity=0 rad/s
00:00:01.609 [Debug] Joint #1: angle=0.5 rad, velocity=0 rad/s
00:00:01.609 [Debug] Joint #0: angle=0.5 rad, velocity=0 rad/s
00:00:01.625 [Debug] Joint #1: angle=0.5 rad, velocity=0 rad/s
00:00:01.625 [Debug] Joint #0: angle=0.5 rad, velocity=0 rad/s
00:00:01.640 [Debug] Joint #1: angle=0.5 rad, velocity=0 rad/s
00:00:01.640 [Debug] Joint #0: angle=0.5 rad, velocity=0 rad/s
00:00:01.656 [Debug] Joint #1: angle=0.5 rad, velocity=0 rad/s
00:00:01.656 [Debug] Joint #0: angle=0.5 rad, velocity=0 rad/s
00:00:01.671 [Debug] Joint #1: angle=0.5 rad, velocity=0 rad/s
00:00:01.671 [Debug] Joint #0: angle=0.5 rad, velocity=0 rad/s
00:00:01.687 [Debug] Joint #1: angle=0.5 rad, velocity=0 rad/s
00:00:01.687 [Debug] Joint #0: angle=0.5 rad, velocity=0 rad/s
00:00:01.703 [Debug] Joint #1: angle=0.5 rad, velocity=0 rad/s
00:00:01.703 [Debug] Joint #0: angle=0.5 rad, velocity=0 rad/s
00:00:01.718 [Debug] Joint #1: angle=0.5 rad, velocity=0 rad/s
00:00:01.718 [Debug] Joint #0: angle=0.5 rad, velocity=0 rad/s
00:00:01.734 [Debug] Joint #1: angle=0.5 rad, velocity=0 rad/s
00:00:01.734 [Debug] Joint #0: angle=0.5 rad, velocity=0 rad/s
00:00:01.750 [Debug] Joint #1: angle=0.5 rad, velocity=0 rad/s
00:00:01.750 [Debug] Joint #0: angle=0.5 rad, velocity=0 rad/s
00:00:01.765 [Debug] Joint #1: angle=0.5 rad, velocity=0 rad/s
00:00:01.765 [Debug] Joint #0: angle=0.5 rad, velocity=0 rad/s
00:00:01.781 [Debug] Joint #1: angle=0.5 rad, velocity=0 rad/s
00:00:01.781 [Debug] Joint #0: angle=0.5 rad, velocity=0 rad/s
00:00:01.796 [Debug] Joint #1: angle=0.5 rad, velocity=0 rad/s
00:00:01.796 [Debug] Joint #0: angle=0.5 rad, velocity=0 rad/s
00:00:01.812 [Debug] Joint #1: angle=0.5 rad, velocity=0 rad/s
00:00:01.812 [Debug] Joint #0: angle=0.5 rad, velocity=0 rad/s
00:00:01.828 [Debug] Joint #1: angle=0.5 rad, velocity=0 rad/s
00:00:01.828 [Debug] Joint #0: angle=0.5 rad, velocity=0 rad/s
00:00:01.843 [Debug] Joint #1: angle=0.5 rad, velocity=0 rad/s
00:00:01.843 [Debug] Joint #0: angle=0.5 rad, velocity=0 rad/s
00:00:01.859 [Debug] Joint #1: angle=0.5 rad, velocity=0 rad/s
00:00:01.859 [Debug] Joint #0: angle=0.5 rad, velocity=0 rad/s
00:00:01.875 [Debug] Joint #1: angle=0.5 rad, velocity=0 rad/s
00:00:01.875 [Debug] Joint #0: angle=0.5 rad, velocity=0 rad/s
00:00:01.890 [Debug] Joint #1: angle=0.5 rad, velocity=0 rad/s
00:00:01.890 [Debug] Joint #0: angle=0.5 rad, velocity=0 rad/s
00:00:01.906 [Debug] Joint #1: angle=0.5 rad, velocity=0 rad/s
00:00:01.906 [Debug] Joint #0: angle=0.5 rad, velocity=0 rad/s
00:00:01.921 [Debug] Joint #1: angle=0.5 rad, velocity=0 rad/s
00:00:01.921 [Debug] Joint #0: angle=0.5 rad, velocity=0 rad/s
00:00:01.937 [Debug] Joint #1: angle=0.5 rad, velocity=0 rad/s
00:00:01.937 [Debug] Joint #0: angle=0.5 rad, velocity=0 rad/s
00:00:01.953 [Debug] Joint #1: angle=0.5 rad, velocity=0 rad/s
00:00:01.953 [Debug] Joint #0: angle=0.5 rad, velocity=0 rad/s
00:00:01.968 [Debug] Joint #1: angle=0.5 rad, velocity=0 rad/s
00:00:01.968 [Debug] Joint #0: angle=0.5 rad, velocity=0 rad/s
00:00:01.984 [Debug] Joint #1: angle=0.5 rad, velocity=0 rad/s
00:00:01.984 [Debug] Joint #0: angle=0.5 rad, velocity=0 rad/s
00:00:02.000 [Debug] Joint #1: angle=0.5 rad, velocity=0 rad/s
00:00:02.000 [Debug] Joint #0: angle=0.5 rad, velocity=0 rad/s
00:00:02.015 [Debug] Joint #1: angle=0.5 rad, velocity=0 rad/s
00:00:02.015 [Debug] Joint #0: angle=0.5 rad, velocity=0 rad/s
00:00:02.031 [Debug] Joint #1: angle=0.5 rad, velocity=0 rad/s
00:00:02.031 [Debug] Joint #0: angle=0.5 rad, velocity=0 rad/s
00:00:02.046 [Debug] Joint #1: angle=0.5 rad, velocity=0 rad/s
00:00:02.046 [Debug] Joint #0: angle=0.5 rad, velocity=0 rad/s
00:00:02.062 [Debug] Joint #1: angle=0.5 rad, velocity=0 rad/s
00:00:02.062 [Debug] Joint #0: angle=0.5 rad, velocity=0 rad/s
00:00:02.078 [Debug] Joint #1: angle=0.5 rad, velocity=0 rad/s
00:00:02.078 [Debug] Joint #0: angle=0.5 rad, velocity=0 rad/s
00:00:02.093 [Debug] Joint #1: angle=0.5 rad, velocity=0 rad/s
00:00:02.093 [Debug] Joint #0: angle=0.5 rad, velocity=0 rad/s
00:00:02.109 [Debug] Joint #1: angle=0.5 rad, velocity=0 rad/s
00:00:02.109 [Debug] Joint #0: angle=0.5 rad, velocity=0 rad/s
00:00:02.125 [Debug] Joint #1: angle=0.5 rad, velocity=0 rad/s
00:00:02.125 [Debug] Joint #0: angle=0.5 rad, velocity=0 rad/s
00:00:02.140 [Debug] Joint #1: angle=0.5 rad, velocity=0 rad/s
00:00:02.140 [Debug] Joint #0: angle=0.5 rad, velocity=0 rad/s
00:00:02.156 [Debug] Joint #1: angle=0.5 rad, velocity=0 rad/s
00:00:02.156 [Debug] Joint #0: angle=0.5 rad, velocity=0 rad/s
00:00:02.171 [Debug] Joint #1: angle=0.5 rad, velocity=0 rad/s
00:00:02.171 [Debug] Joint #0: angle=0.5 rad, velocity=0 rad/s
00:00:02.187 [Debug] Joint #1: angle=0.5 rad, velocity=0 rad/s
00:00:02.187 [Debug] Joint #0: angle=0.5 rad, velocity=0 rad/s
00:00:02.203 [Debug] Joint #1: angle=0.5 rad, velocity=0 rad/s
00:00:02.203 [Debug] Joint #0: angle=0.5 rad, velocity=0 rad/s
00:00:02.218 [Debug] Joint #1: angle=0.5 rad, velocity=0 rad/s
00:00:02.218 [Debug] Joint #0: angle=0.5 rad, velocity=0 rad/s
00:00:02.234 [Debug] Joint #1: angle=0.5 rad, velocity=0 rad/s
00:00:02.234 [Debug] Joint #0: angle=0.5 rad, velocity=0 rad/s
00:00:02.250 [Debug] Joint #1: angle=0.5 rad, velocity=0 rad/s
00:00:02.250 [Debug] Joint #0: angle=0.5 rad, velocity=0 rad/s
00:00:02.265 [Debug] Joint #1: angle=0.5 rad, velocity=0 rad/s
00:00:02.265 [Debug] Joint #0: angle=0.5 rad, velocity=0 rad/s
00:00:02.281 [Debug] Joint #1: angle=0.5 rad, velocity=0 rad/s
00:00:02.281 [Debug] Joint #0: angle=0.5 rad, velocity=0 rad/s
00:00:02.296 [Debug] Joint #1: angle=0.5 rad, velocity=0 rad/s
00:00:02.296 [Debug] Joint #0: angle=0.5 rad, velocity=0 rad/s
00:00:02.312 [Debug] Joint #1: angle=0.5 rad, velocity=0 rad/s
00:00:02.312 [Debug] Joint #0: angle=0.5 rad, velocity=0 rad/s
00:00:02.328 [Debug] Joint #1: angle=0.5 rad, velocity=0 rad/s
00:00:02.328 [Debug] Joint #0: angle=0.5 rad, velocity=0 rad/s
00:00:02.343 [Debug] Joint #1: angle=0.5 rad, velocity=0 rad/s
00:00:02.343 [Debug] Joint #0: angle=0.5 rad, velocity=0 rad/s
00:00:02.359 [Debug] Joint #1: angle=0.5 rad, velocity=0 rad/s
00:00:02.359 [Debug] Joint #0: angle=0.5 rad, velocity=0 rad/s
00:00:02.375 [Debug] Joint #1: angle=0.5 rad, velocity=0 rad/s
00:00:02.375 [Debug] Joint #0: angle=0.5 rad, velocity=0 rad/s
00:00:02.390 [Debug] Joint #1: angle=0.5 rad, velocity=0 rad/s
00:00:02.390 [Debug] Joint #0: angle=0.5 rad, velocity=0 rad/s
00:00:02.406 [Debug] Joint #1: angle=0.5 rad, velocity=0 rad/s
00:00:02.406 [Debug] Joint #0: angle=0.5 rad, velocity=0 rad/s
00:00:02.421 [Debug] Joint #1: angle=0.5 rad, velocity=0 rad/s
00:00:02.421 [Debug] Joint #0: angle=0.5 rad, velocity=0 rad/s
00:00:02.437 [Debug] Joint #1: angle=0.5 rad, velocity=0 rad/s
00:00:02.437 [Debug] Joint #0: angle=0.5 rad, velocity=0 rad/s
00:00:02.453 [Debug] Joint #1: angle=0.5 rad, velocity=0 rad/s
00:00:02.453 [Debug] Joint #0: angle=0.5 rad, velocity=0 rad/s
00:00:02.468 [Debug] Joint #1: angle=0.5 rad, velocity=0 rad/s
00:00:02.468 [Debug] Joint #0: angle=0.5 rad, velocity=0 rad/s
00:00:02.484 [Debug] Joint #1: angle=0.5 rad, velocity=0 rad/s
00:00:02.484 [Debug] Joint #0: angle=0.5 rad, velocity=0 rad/s
00:00:02.500 [Debug] Joint #1: angle=0.5 rad, velocity=0 rad/s
00:00:02.500 [Debug] Joint #0: angle=0.5 rad, velocity=0 rad/s
00:00:02.515 [Debug] Joint #1: angle=0.5 rad, velocity=0 rad/s
00:00:02.515 [Debug] Joint #0: angle=0.5 rad, velocity=0 rad/s
00:00:02.531 [Debug] Joint #1: angle=0.5 rad, velocity=0 rad/s
00:00:02.531 [Debug] Joint #0: angle=0.5 rad, velocity=0 rad/s
00:00:02.546 [Debug] Joint #1: angle=0.5 rad, velocity=0 rad/s
00:00:02.546 [Debug] Joint #0: angle=0.5 rad, velocity=0 rad/s
00:00:02.562 [Debug] Joint #1: angle=0.5 rad, velocity=0 rad/s
00:00:02.562 [Debug] Joint #0: angle=0.5 rad, velocity=0 rad/s
00:00:02.578 [Debug] Joint #1: angle=0.5 rad, velocity=0 rad/s
00:00:02.578 [Debug] Joint #0: angle=0.5 rad, velocity=0 rad/s
00:00:02.593 [Debug] Joint #1: angle=0.5 rad, velocity=0 rad/s
00:00:02.593 [Debug] Joint #0: angle=0.5 rad, velocity=0 rad/s
00:00:02.609 [Debug] Joint #1: angle=0.5 rad, velocity=0 rad/s
00:00:02.609 [Debug] Joint #0: angle=0.5 rad, velocity=0 rad/s
00:00:02.625 [Debug] Joint #1: angle=0.5 rad, velocity=0 rad/s
00:00:02.625 [Debug] Joint #0: angle=0.5 rad, velocity=0 rad/s
00:00:02.640 [Debug] Joint #1: angle=0.5 rad, velocity=0 rad/s
00:00:02.640 [Debug] Joint #0: angle=0.5 rad, velocity=0 rad/s
00:00:02.656 [Debug] Joint #1: angle=0.5 rad, velocity=0 rad/s
00:00:02.656 [Debug] Joint #0: angle=0.5 rad, velocity=0 rad/s
00:00:02.671 [Debug] Joint #1: angle=0.5 rad, velocity=0 rad/s
00:00:02.671 [Debug] Joint #0: angle=0.5 rad, velocity=0 rad/s
00:00:02.687 [Debug] Joint #1: angle=0.5 rad, velocity=0 rad/s
00:00:02.687 [Debug] Joint #0: angle=0.5 rad, velocity=0 rad/s
00:00:02.703 [Debug] Joint #1: angle=0.5 rad, velocity=0 rad/s
00:00:02.703 [Debug] Joint #0: angle=0.5 rad, velocity=0 rad/s
00:00:02.718 [Debug] Joint #1: angle=0.5 rad, velocity=0 rad/s
00:00:02.718 [Debug] Joint #0: angle=0.5 rad, velocity=0 rad/s
00:00:02.734 [Debug] Joint #1: angle=0.5 rad, velocity=0 rad/s
00:00:02.734 [Debug] Joint #0: angle=0.5 rad, velocity=0 rad/s
00:00:02.750 [Debug] Joint #1: angle=0.5 rad, velocity=0 rad/s
00:00:02.750 [Debug] Joint #0: angle=0.5 rad, velocity=0 rad/s
00:00:02.765 [Debug] Joint #1: angle=0.5 rad, velocity=0 rad/s
00:00:02.765 [Debug] Joint #0: angle=0.5 rad, velocity=0 rad/s
00:00:02.781 [Debug] Joint #1: angle=0.5 rad, velocity=0 rad/s
00:00:02.781 [Debug] Joint #0: angle=0.5 rad, velocity=0 rad/s
00:00:02.796 [Debug] Joint #1: angle=0.5 rad, velocity=0 rad/s
00:00:02.796 [Debug] Joint #0: angle=0.5 rad, velocity=0 rad/s
00:00:02.812 [Debug] Joint #1: angle=0.5 rad, velocity=0 rad/s
00:00:02.812 [Debug] Joint #0: angle=0.5 rad, velocity=0 rad/s
00:00:02.828 [Debug] Joint #1: angle=0.5 rad, velocity=0 rad/s
00:00:02.828 [Debug] Joint #0: angle=0.5 rad, velocity=0 rad/s
00:00:02.843 [Debug] Joint #1: angle=0.5 rad, velocity=0 rad/s
00:00:02.843 [Debug] Joint #0: angle=0.5 rad, velocity=0 rad/s
00:00:02.859 [Debug] Joint #1: angle=0.5 rad, velocity=0 rad/s
00:00:02.859 [Debug] Joint #0: angle=0.5 rad, velocity=0 rad/s
00:00:02.875 [Debug] Joint #1: angle=0.5 rad, velocity=0 rad/s
00:00:02.875 [Debug] Joint #0: angle=0.5 rad, velocity=0 rad/s
00:00:02.890 [Debug] Joint #1: angle=0.5 rad, velocity=0 rad/s
00:00:02.890 [Debug] Joint #0: angle=0.5 rad, velocity=0 rad/s
00:00:02.906 [Debug] Joint #1: angle=0.5 rad, velocity=0 rad/s
00:00:02.906 [Debug] Joint #0: angle=0.5 rad, velocity=0 rad/s
00:00:02.921 [Debug] Joint #1: angle=0.5 rad, velocity=0 rad/s
00:00:02.921 [Debug] Joint #0: angle=0.5 rad, velocity=0 rad/s
00:00:02.937 [Debug] Joint #1: angle=0.5 rad, velocity=0 rad/s
00:00:02.937 [Debug] Joint #0: angle=0.5 rad, velocity=0 rad/s
00:00:02.953 [Debug] Joint #1: angle=0.5 rad, velocity=0 rad/s
00:00:02.953 [Debug] Joint #0: angle=0.5 rad, velocity=0 rad/s
00:00:02.968 [Debug] Joint #1: angle=0.5 rad, velocity=0 rad/s
00:00:02.968 [Debug] Joint #0: angle=0.5 rad, velocity=0 rad/s
00:00:02.984 [Debug] Joint #1: angle=0.5 rad, velocity=0 rad/s
00:00:02.984 [Debug] Joint #0: angle=0.5 rad, velocity=0 rad/s
00:00:03.000 [Debug] Joint #1: angle=0.5 rad, velocity=0 rad/s
00:00:03.000 [Debug] Joint #0: angle=0.5 rad, velocity=0 rad/s
00:00:03.015 [Debug] Joint #1: angle=0.5 rad, velocity=0 rad/s
00:00:03.015 [Debug] Joint #0: angle=0.5 rad, velocity=0 rad/s
00:00:03.031 [Debug] Joint #1: angle=0.5 rad, velocity=0 rad/s
00:00:03.031 [Debug] Joint #0: angle=0.5 rad, velocity=0 rad/s
00:00:03.046 [Debug] Joint #1: angle=0.5 rad, velocity=0 rad/s
00:00:03.046 [Debug] Joint #0: angle=0.5 rad, velocity=0 rad/s
00:00:03.062 [Debug] Joint #1: angle=0.5 rad, velocity=0 rad/s
00:00:03.062 [Debug] Joint #0: angle=0.5 rad, velocity=0 rad/s
00:00:03.078 [Debug] Joint #1: angle=0.5 rad, velocity=0 rad/s
00:00:03.078 [Debug] Joint #0: angle=0.5 rad, velocity=0 rad/s
00:00:03.093 [Debug] Joint #1: angle=0.5 rad, velocity=0 rad/s
00:00:03.093 [Debug] Joint #0: angle=0.5 rad, velocity=0 rad/s
00:00:03.109 [Debug] Joint #1: angle=0.5 rad, velocity=0 rad/s
00:00:03.109 [Debug] Joint #0: angle=0.5 rad, velocity=0 rad/s
00:00:03.125 [Debug] Joint #1: angle=0.5 rad, velocity=0 rad/s
00:00:03.125 [Debug] Joint #0: angle=0.5 rad, velocity=0 rad/s
00:00:03.140 [Debug] Joint #1: angle=0.5 rad, velocity=0 rad/s
00:00:03.140 [Debug] Joint #0: angle=0.5 rad, velocity=0 rad/s
00:00:03.156 [Debug] Joint #1: angle=0.5 rad, velocity=0 rad/s
00:00:03.156 [Debug] Joint #0: angle=0.5 rad, velocity=0 rad/s
00:00:03.171 [Debug] Joint #1: angle=0.5 rad, velocity=0 rad/s
00:00:03.171 [Debug] Joint #0: angle=0.5 rad, velocity=0 rad/s
00:00:03.187 [Debug] Joint #1: angle=0.5 rad, velocity=0 rad/s
00:00:03.187 [Debug] Joint #0: angle=0.5 rad, velocity=0 rad/s
00:00:03.203 [Debug] Joint #1: angle=0.5 rad, velocity=0 rad/s
00:00:03.203 [Debug] Joint #0: angle=0.5 rad, velocity=0 rad/s
00:00:03.218 [Debug] Joint #1: angle=0.5 rad, velocity=0 rad/s
00:00:03.218 [Debug] Joint #0: angle=0.5 rad, velocity=0 rad/s
00:00:03.234 [Debug] Joint #1: angle=0.5 rad, velocity=0 rad/s
00:00:03.234 [Debug] Joint #0: angle=0.5 rad, velocity=0 rad/s
00:00:03.250 [Debug] Joint #1: angle=0.5 rad, velocity=0 rad/s
00:00:03.250 [Debug] Joint #0: angle=0.5 rad, velocity=0 rad/s
00:00:03.265 [Debug] Joint #1: angle=0.5 rad, velocity=0 rad/s
00:00:03.265 [Debug] Joint #0: angle=0.5 rad, velocity=0 rad/s
00:00:03.281 [Debug] Joint #1: angle=0.5 rad, velocity=0 rad/s
00:00:03.281 [Debug] Joint #0: angle=0.5 rad, velocity=0 rad/s
00:00:03.296 [Debug] Joint #1: angle=0.5 rad, velocity=0 rad/s
00:00:03.296 [Debug] Joint #0: angle=0.5 rad, velocity=0 rad/s
00:00:03.312 [Debug] Joint #1: angle=0.5 rad, velocity=0 rad/s
00:00:03.312 [Debug] Joint #0: angle=0.5 rad, velocity=0 rad/s
00:00:03.328 [Debug] Joint #1: angle=0.5 rad, velocity=0 rad/s
00:00:03.328 [Debug] Joint #0: angle=0.5 rad, velocity=0 rad/s
00:00:03.343 [Debug] Joint #1: angle=0.5 rad, velocity=0 rad/s
00:00:03.343 [Debug] Joint #0: angle=0.5 rad, velocity=0 rad/s
00:00:03.359 [Debug] Joint #1: angle=0.5 rad, velocity=0 rad/s
00:00:03.359 [Debug] Joint #0: angle=0.5 rad, velocity=0 rad/s
00:00:03.375 [Debug] Joint #1: angle=0.5 rad, velocity=0 rad/s
00:00:03.375 [Debug] Joint #0: angle=0.5 rad, velocity=0 rad/s
00:00:03.390 [Debug] Joint #1: angle=0.5 rad, velocity=0 rad/s
00:00:03.390 [Debug] Joint #0: angle=0.5 rad, velocity=0 rad/s
00:00:03.406 [Debug] Joint #1: angle=0.5 rad, velocity=0 rad/s
00:00:03.406 [Debug] Joint #0: angle=0.5 rad, velocity=0 rad/s
00:00:03.421 [Debug] Joint #1: angle=0.5 rad, velocity=0 rad/s
00:00:03.421 [Debug] Joint #0: angle=0.5 rad, velocity=0 rad/s
00:00:03.437 [Debug] Joint #1: angle=0.5 rad, velocity=0 rad/s
00:00:03.437 [Debug] Joint #0: angle=0.5 rad, velocity=0 rad/s
00:00:03.453 [Debug] Joint #1: angle=0.5 rad, velocity=0 rad/s
00:00:03.453 [Debug] Joint #0: angle=0.5 rad, velocity=0 rad/s
00:00:03.468 [Debug] Joint #1: angle=0.5 rad, velocity=0 rad/s
00:00:03.468 [Debug] Joint #0: angle=0.5 rad, velocity=0 rad/s
00:00:03.484 [Debug] Joint #1: angle=0.5 rad, velocity=0 rad/s
00:00:03.484 [Debug] Joint #0: angle=0.5 rad, velocity=0 rad/s
00:00:03.500 [Debug] Joint #1: angle=0.5 rad, velocity=0 rad/s
00:00:03.500 [Debug] Joint #0: angle=0.5 rad, velocity=0 rad/s
00:00:03.515 [Debug] Joint #1: angle=0.5 rad, velocity=0 rad/s
00:00:03.515 [Debug] Joint #0: angle=0.5 rad, velocity=0 rad/s
00:00:03.531 [Debug] Joint #1: angle=0.5 rad, velocity=0 rad/s
00:00:03.531 [Debug] Joint #0: angle=0.5 rad, velocity=0 rad/s
00:00:03.546 [Debug] Joint #1: angle=0.5 rad, velocity=0 rad/s
00:00:03.546 [Debug] Joint #0: angle=0.5 rad, velocity=0 rad/s
00:00:03.562 [Debug] Joint #1: angle=0.5 rad, velocity=0 rad/s
00:00:03.562 [Debug] Joint #0: angle=0.5 rad, velocity=0 rad/s
00:00:03.578 [Debug] Joint #1: angle=0.5 rad, velocity=0 rad/s
00:00:03.578 [Debug] Joint #0: angle=0.5 rad, velocity=0 rad/s
00:00:03.593 [Debug] Joint #1: angle=0.5 rad, velocity=0 rad/s
00:00:03.593 [Debug] Joint #0: angle=0.5 rad, velocity=0 rad/s
00:00:03.609 [Debug] Joint #1: angle=0.5 rad, velocity=0 rad/s
00:00:03.609 [Debug] Joint #0: angle=0.5 rad, velocity=0 rad/s
00:00:03.625 [Debug] Joint #1: angle=0.5 rad, velocity=0 rad/s
00:00:03.625 [Debug] Joint #0: angle=0.5 rad, velocity=0 rad/s
00:00:03.640 [Debug] Joint #1: angle=0.5 rad, velocity=0 rad/s
00:00:03.640 [Debug] Joint #0: angle=0.5 rad, velocity=0 rad/s
00:00:03.656 [Debug] Joint #1: angle=0.5 rad, velocity=0 rad/s
00:00:03.656 [Debug] Joint #0: angle=0.5 rad, velocity=0 rad/s
00:00:03.671 [Debug] Joint #1: angle=0.5 rad, velocity=0 rad/s
00:00:03.671 [Debug] Joint #0: angle=0.5 rad, velocity=0 rad/s
00:00:03.687 [Debug] Joint #1: angle=0.5 rad, velocity=0 rad/s
00:00:03.687 [Debug] Joint #0: angle=0.5 rad, velocity=0 rad/s
00:00:03.703 [Debug] Joint #1: angle=0.5 rad, velocity=0 rad/s
00:00:03.703 [Debug] Joint #0: angle=0.5 rad, velocity=0 rad/s
00:00:03.718 [Debug] Joint #1: angle=0.5 rad, velocity=0 rad/s
00:00:03.718 [Debug] Joint #0: angle=0.5 rad, velocity=0 rad/s
00:00:03.734 [Debug] Joint #1: angle=0.5 rad, velocity=0 rad/s
00:00:03.734 [Debug] Joint #0: angle=0.5 rad, velocity=0 rad/s
00:00:03.750 [Debug] Joint #1: angle=0.5 rad, velocity=0 rad/s
00:00:03.750 [Debug] Joint #0: angle=0.5 rad, velocity=0 rad/s
00:00:03.765 [Debug] Joint #1: angle=0.5 rad, velocity=0 rad/s
00:00:03.765 [Debug] Joint #0: angle=0.5 rad, velocity=0 rad/s
00:00:03.781 [Debug] Joint #1: angle=0.5 rad, velocity=0 rad/s
00:00:03.781 [Debug] Joint #0: angle=0.5 rad, velocity=0 rad/s
00:00:03.796 [Debug] Joint #1: angle=0.5 rad, velocity=0 rad/s
00:00:03.796 [Debug] Joint #0: angle=0.5 rad, velocity=0 rad/s
00:00:03.812 [Debug] Joint #1: angle=0.5 rad, velocity=0 rad/s
00:00:03.812 [Debug] Joint #0: angle=0.5 rad, velocity=0 rad/s
00:00:03.828 [Debug] Joint #1: angle=0.5 rad, velocity=0 rad/s
00:00:03.828 [Debug] Joint #0: angle=0.5 rad, velocity=0 rad/s
00:00:03.843 [Debug] Joint #1: angle=0.5 rad, velocity=0 rad/s
00:00:03.843 [Debug] Joint #0: angle=0.5 rad, velocity=0 rad/s
00:00:03.859 [Debug] Joint #1: angle=0.5 rad, velocity=0 rad/s
00:00:03.859 [Debug] Joint #0: angle=0.5 rad, velocity=0 rad/s
00:00:03.875 [Debug] Joint #1: angle=0.5 rad, velocity=0 rad/s
00:00:03.875 [Debug] Joint #0: angle=0.5 rad, velocity=0 rad/s
00:00:03.890 [Debug] Joint #1: angle=0.5 rad, velocity=0 rad/s
00:00:03.890 [Debug] Joint #0: angle=0.5 rad, velocity=0 rad/s
00:00:03.906 [Debug] Joint #1: angle=0.5 rad, velocity=0 rad/s
00:00:03.906 [Debug] Joint #0: angle=0.5 rad, velocity=0 rad/s
00:00:03.921 [Debug] Joint #1: angle=0.5 rad, velocity=0 rad/s
00:00:03.921 [Debug] Joint #0: angle=0.5 rad, velocity=0 rad/s
00:00:03.937 [Debug] Joint #1: angle=0.5 rad, velocity=0 rad/s
00:00:03.937 [Debug] Joint #0: angle=0.5 rad, velocity=0 rad/s
00:00:03.953 [Debug] Joint #1: angle=0.5 rad, velocity=0 rad/s
00:00:03.953 [Debug] Joint #0: angle=0.5 rad, velocity=0 rad/s
00:00:03.968 [Debug] Joint #1: angle=0.5 rad, velocity=0 rad/s
00:00:03.968 [Debug] Joint #0: angle=0.5 rad, velocity=0 rad/s
00:00:03.984 [Debug] Joint #1: angle=0.5 rad, velocity=0 rad/s
00:00:03.984 [Debug] Joint #0: angle=0.5 rad, velocity=0 rad/s
00:00:04.000 [Debug] Joint #1: angle=0.5 rad, velocity=0 rad/s
00:00:04.000 [Debug] Joint #0: angle=0.5 rad, velocity=0 rad/s
00:00:04.015 [Debug] Joint #1: angle=0.5 rad, velocity=0 rad/s
00:00:04.015 [Debug] Joint #0: angle=0.5 rad, velocity=0 rad/s
00:00:04.031 [Debug] Joint #1: angle=0.5 rad, velocity=0 rad/s
00:00:04.031 [Debug] Joint #0: angle=0.5 rad, velocity=0 rad/s
00:00:04.046 [Debug] Joint #1: angle=0.5 rad, velocity=0 rad/s
00:00:04.046 [Debug] Joint #0: angle=0.5 rad, velocity=0 rad/s
00:00:04.062 [Debug] Joint #1: angle=0.5 rad, velocity=0 rad/s
00:00:04.062 [Debug] Joint #0: angle=0.5 rad, velocity=0 rad/s
00:00:04.078 [Debug] Joint #1: angle=0.5 rad, velocity=0 rad/s
00:00:04.078 [Debug] Joint #0: angle=0.5 rad, velocity=0 rad/s
00:00:04.093 [Debug] Joint #1: angle=0.5 rad, velocity=0 rad/s
00:00:04.093 [Debug] Joint #0: angle=0.5 rad, velocity=0 rad/s
00:00:04.109 [Debug] Joint #1: angle=0.5 rad, velocity=0 rad/s
00:00:04.109 [Debug] Joint #0: angle=0.5 rad, velocity=0 rad/s
00:00:04.125 [Debug] Joint #1: angle=0.5 rad, velocity=0 rad/s
00:00:04.125 [Debug] Joint #0: angle=0.5 rad, velocity=0 rad/s
00:00:04.140 [Debug] Joint #1: angle=0.5 rad, velocity=0 rad/s
00:00:04.140 [Debug] Joint #0: angle=0.5 rad, velocity=0 rad/s
00:00:04.156 [Debug] Joint #1: angle=0.5 rad, velocity=0 rad/s
00:00:04.156 [Debug] Joint #0: angle=0.5 rad, velocity=0 rad/s
00:00:04.171 [Debug] Joint #1: angle=0.5 rad, velocity=0 rad/s
00:00:04.171 [Debug] Joint #0: angle=0.5 rad, velocity=0 rad/s
00:00:04.187 [Debug] Joint #1: angle=0.5 rad, velocity=0 rad/s
00:00:04.187 [Debug] Joint #0: angle=0.5 rad, velocity=0 rad/s
00:00:04.203 [Debug] Joint #1: angle=0.5 rad, velocity=0 rad/s
00:00:04.203 [Debug] Joint #0: angle=0.5 rad, velocity=0 rad/s
00:00:04.218 [Debug] Joint #1: angle=0.5 rad, velocity=0 rad/s
00:00:04.218 [Debug] Joint #0: angle=0.5 rad, velocity=0 rad/s
00:00:04.234 [Debug] Joint #1: angle=0.5 rad, velocity=0 rad/s
00:00:04.234 [Debug] Joint #0: angle=0.5 rad, velocity=0 rad/s
00:00:04.250 [Debug] Joint #1: angle=0.5 rad, velocity=0 rad/s
00:00:04.250 [Debug] Joint #0: angle=0.5 rad, velocity=0 rad/s
00:00:04.265 [Debug] Joint #1: angle=0.5 rad, velocity=0 rad/s
00:00:04.265 [Debug] Joint #0: angle=0.5 rad, velocity=0 rad/s
00:00:04.281 [Debug] Joint #1: angle=0.5 rad, velocity=0 rad/s
00:00:04.281 [Debug] Joint #0: angle=0.5 rad, velocity=0 rad/s
00:00:04.296 [Debug] Joint #1: angle=0.5 rad, velocity=0 rad/s
00:00:04.296 [Debug] Joint #0: angle=0.5 rad, velocity=0 rad/s
00:00:04.312 [Debug] Joint #1: angle=0.5 rad, velocity=0 rad/s
00:00:04.312 [Debug] Joint #0: angle=0.5 rad, velocity=0 rad/s
00:00:04.328 [Debug] Joint #1: angle=0.5 rad, velocity=0 rad/s
00:00:04.328 [Debug] Joint #0: angle=0.5 rad, velocity=0 rad/s
00:00:04.343 [Debug] Joint #1: angle=0.5 rad, velocity=0 rad/s
00:00:04.343 [Debug] Joint #0: angle=0.5 rad, velocity=0 rad/s
00:00:04.359 [Debug] Joint #1: angle=0.5 rad, velocity=0 rad/s
00:00:04.359 [Debug] Joint #0: angle=0.5 rad, velocity=0 rad/s
00:00:04.375 [Debug] Joint #1: angle=0.5 rad, velocity=0 rad/s
00:00:04.375 [Debug] Joint #0: angle=0.5 rad, velocity=0 rad/s
00:00:04.390 [Debug] Joint #1: angle=0.5 rad, velocity=0 rad/s
00:00:04.390 [Debug] Joint #0: angle=0.5 rad, velocity=0 rad/s
00:00:04.406 [Debug] Joint #1: angle=0.5 rad, velocity=0 rad/s
00:00:04.406 [Debug] Joint #0: angle=0.5 rad, velocity=0 rad/s
00:00:04.421 [Debug] Joint #1: angle=0.5 rad, velocity=0 rad/s
00:00:04.421 [Debug] Joint #0: angle=0.5 rad, velocity=0 rad/s
00:00:04.437 [Debug] Joint #1: angle=0.5 rad, velocity=0 rad/s
00:00:04.437 [Debug] Joint #0: angle=0.5 rad, velocity=0 rad/s
00:00:04.453 [Debug] Joint #1: angle=0.5 rad, velocity=0 rad/s
00:00:04.453 [Debug] Joint #0: angle=0.5 rad, velocity=0 rad/s
00:00:04.468 [Debug] Joint #1: angle=0.5 rad, velocity=0 rad/s
00:00:04.468 [Debug] Joint #0: angle=0.5 rad, velocity=0 rad/s
00:00:04.484 [Debug] Joint #1: angle=0.5 rad, velocity=0 rad/s
00:00:04.484 [Debug] Joint #0: angle=0.5 rad, velocity=0 rad/s
00:00:04.500 [Debug] Joint #1: angle=0.5 rad, velocity=0 rad/s
00:00:04.500 [Debug] Joint #0: angle=0.5 rad, velocity=0 rad/s
00:00:04.515 [Debug] Joint #1: angle=0.5 rad, velocity=0 rad/s
00:00:04.515 [Debug] Joint #0: angle=0.5 rad, velocity=0 rad/s
00:00:04.531 [Debug] Joint #1: angle=0.5 rad, velocity=0 rad/s
00:00:04.531 [Debug] Joint #0: angle=0.5 rad, velocity=0 rad/s
00:00:04.546 [Debug] Joint #1: angle=0.5 rad, velocity=0 rad/s
00:00:04.546 [Debug] Joint #0: angle=0.5 rad, velocity=0 rad/s
00:00:04.562 [Debug] Joint #1: angle=0.5 rad, velocity=0 rad/s
00:00:04.562 [Debug] Joint #0: angle=0.5 rad, velocity=0 rad/s
00:00:04.578 [Debug] Joint #1: angle=0.5 rad, velocity=0 rad/s
00:00:04.578 [Debug] Joint #0: angle=0.5 rad, velocity=0 rad/s
00:00:04.593 [Debug] Joint #1: angle=0.5 rad, velocity=0 rad/s
00:00:04.593 [Debug] Joint #0: angle=0.5 rad, velocity=0 rad/s
00:00:04.609 [Debug] Joint #1: angle=0.5 rad, velocity=0 rad/s
00:00:04.609 [Debug] Joint #0: angle=0.5 rad, velocity=0 rad/s
00:00:04.625 [Debug] Joint #1: angle=0.5 rad, velocity=0 rad/s
00:00:04.625 [Debug] Joint #0: angle=0.5 rad, velocity=0 rad/s
00:00:04.640 [Debug] Joint #1: angle=0.5 rad, velocity=0 rad/s
00:00:04.640 [Debug] Joint #0: angle=0.5 rad, velocity=0 rad/s
00:00:04.656 [Debug] Joint #1: angle=0.5 rad, velocity=0 rad/s
00:00:04.656 [Debug] Joint #0: angle=0.5 rad, velocity=0 rad/s
00:00:04.671 [Debug] Joint #1: angle=0.5 rad, velocity=0 rad/s
00:00:04.671 [Debug] Joint #0: angle=0.5 rad, velocity=0 rad/s
00:00:04.687 [Debug] Joint #1: angle=0.5 rad, velocity=0 rad/s
00:00:04.687 [Debug] Joint #0: angle=0.5 rad, velocity=0 rad/s
00:00:04.703 [Debug] Joint #1: angle=0.5 rad, velocity=0 rad/s
00:00:04.703 [Debug] Joint #0: angle=0.5 rad, velocity=0 rad/s
00:00:04.718 [Debug] Joint #1: angle=0.5 rad, velocity=0 rad/s
00:00:04.718 [Debug] Joint #0: angle=0.5 rad, velocity=0 rad/s
00:00:04.734 [Debug] Joint #1: angle=0.5 rad, velocity=0 rad/s
00:00:04.734 [Debug] Joint #0: angle=0.5 rad, velocity=0 rad/s
00:00:04.750 [Debug] Joint #1: angle=0.5 rad, velocity=0 rad/s
00:00:04.750 [Debug] Joint #0: angle=0.5 rad, velocity=0 rad/s
00:00:04.765 [Debug] Joint #1: angle=0.5 rad, velocity=0 rad/s
00:00:04.765 [Debug] Joint #0: angle=0.5 rad, velocity=0 rad/s
00:00:04.781 [Debug] Joint #1: angle=0.5 rad, velocity=0 rad/s
00:00:04.781 [Debug] Joint #0: angle=0.5 rad, velocity=0 rad/s
00:00:04.796 [Debug] Joint #1: angle=0.5 rad, velocity=0 rad/s
00:00:04.796 [Debug] Joint #0: angle=0.5 rad, velocity=0 rad/s
00:00:04.812 [Debug] Joint #1: angle=0.5 rad, velocity=0 rad/s
00:00:04.812 [Debug] Joint #0: angle=0.5 rad, velocity=0 rad/s
00:00:04.828 [Debug] Joint #1: angle=0.5 rad, velocity=0 rad/s
00:00:04.828 [Debug] Joint #0: angle=0.5 rad, velocity=0 rad/s
00:00:04.843 [Debug] Joint #1: angle=0.5 rad, velocity=0 rad/s
00:00:04.843 [Debug] Joint #0: angle=0.5 rad, velocity=0 rad/s
00:00:04.859 [Debug] Joint #1: angle=0.5 rad, velocity=0 rad/s
00:00:04.859 [Debug] Joint #0: angle=0.5 rad, velocity=0 rad/s
00:00:04.875 [Debug] Joint #1: angle=0.5 rad, velocity=0 rad/s
00:00:04.875 [Debug] Joint #0: angle=0.5 rad, velocity=0 rad/s
00:00:04.890 [Debug] Joint #1: angle=0.5 rad, velocity=0 rad/s
00:00:04.890 [Debug] Joint #0: angle=0.5 rad, velocity=0 rad/s
00:00:04.906 [Debug] Joint #1: angle=0.5 rad, velocity=0 rad/s
00:00:04.906 [Debug] Joint #0: angle=0.5 rad, velocity=0 rad/s
00:00:04.921 [Debug] Joint #1: angle=0.5 rad, velocity=0 rad/s
00:00:04.921 [Debug] Joint #0: angle=0.5 rad, velocity=0 rad/s
00:00:04.937 [Debug] Joint #1: angle=0.5 rad, velocity=0 rad/s
00:00:04.937 [Debug] Joint #0: angle=0.5 rad, velocity=0 rad/s
00:00:04.953 [Debug] Joint #1: angle=0.5 rad, velocity=0 rad/s
00:00:04.953 [Debug] Joint #0: angle=0.5 rad, velocity=0 rad/s
00:00:04.968 [Debug] Joint #1: angle=0.5 rad, velocity=0 rad/s
00:00:04.968 [Debug] Joint #0: angle=0.5 rad, velocity=0 rad/s
00:00:04.984 [Debug] Joint #1: angle=0.5 rad, velocity=0 rad/s
00:00:04.984 [Debug] Joint #0: angle=0.5 rad, velocity=0 rad/s
00:00:05.000 [Debug] Joint #1: angle=0.5 rad, velocity=0 rad/s
00:00:05.000 [Debug] Joint #0: angle=0.5 rad, velocity=0 rad/s
00:00:05.015 [Debug] Joint #1: angle=0.5 rad, velocity=0 rad/s
00:00:05.015 [Debug] Joint #0: angle=0.5 rad, velocity=0 rad/s
00:00:05.031 [Debug] Joint #1: angle=0.5 rad, velocity=0 rad/s
00:00:05.031 [Debug] Joint #0: angle=0.5 rad, velocity=0 rad/s
00:00:05.046 [Debug] Joint #1: angle=0.5 rad, velocity=0 rad/s
00:00:05.046 [Debug] Joint #0: angle=0.5 rad, velocity=0 rad/s
00:00:05.062 [Debug] Joint #1: angle=0.5 rad, velocity=0 rad/s
00:00:05.062 [Debug] Joint #0: angle=0.5 rad, velocity=0 rad/s
00:00:05.078 [Debug] Joint #1: angle=0.5 rad, velocity=0 rad/s
00:00:05.078 [Debug] Joint #0: angle=0.5 rad, velocity=0 rad/s
00:00:05.093 [Debug] Joint #1: angle=0.5 rad, velocity=0 rad/s
00:00:05.093 [Debug] Joint #0: angle=0.5 rad, velocity=0 rad/s
00:00:05.109 [Debug] Joint #1: angle=0.5 rad, velocity=0 rad/s
00:00:05.109 [Debug] Joint #0: angle=0.5 rad, velocity=0 rad/s
00:00:05.125 [Debug] Joint #1: angle=0.5 rad, velocity=0 rad/s
00:00:05.125 [Debug] Joint #0: angle=0.5 rad, velocity=0 rad/s
00:00:05.140 [Debug] Joint #1: angle=0.5 rad, velocity=0 rad/s
00:00:05.140 [Debug] Joint #0: angle=0.5 rad, velocity=0 rad/s
00:00:05.156 [Debug] Joint #1: angle=0.5 rad, velocity=0 rad/s
00:00:05.156 [Debug] Joint #0: angle=0.5 rad, velocity=0 rad/s
00:00:05.171 [Debug] Joint #1: angle=0.5 rad, velocity=0 rad/s
00:00:05.171 [Debug] Joint #0: angle=0.5 rad, velocity=0 rad/s
00:00:05.187 [Debug] Joint #1: angle=0.5 rad, velocity=0 rad/s
00:00:05.187 [Debug] Joint #0: angle=0.5 rad, velocity=0 rad/s
00:00:05.203 [Debug] Joint #1: angle=0.5 rad, velocity=0 rad/s
00:00:05.203 [Debug] Joint #0: angle=0.5 rad, velocity=0 rad/s
00:00:05.218 [Debug] Joint #1: angle=0.5 rad, velocity=0 rad/s
00:00:05.218 [Debug] Joint #0: angle=0.5 rad, velocity=0 rad/s
00:00:05.234 [Debug] Joint #1: angle=0.5 rad, velocity=0 rad/s
00:00:05.234 [Debug] Joint #0: angle=0.5 rad, velocity=0 rad/s
00:00:05.250 [Debug] Joint #1: angle=0.5 rad, velocity=0 rad/s
00:00:05.250 [Debug] Joint #0: angle=0.5 rad, velocity=0 rad/s
00:00:05.265 [Debug] Joint #1: angle=0.5 rad, velocity=0 rad/s
00:00:05.265 [Debug] Joint #0: angle=0.5 rad, velocity=0 rad/s
00:00:05.281 [Debug] Joint #1: angle=0.5 rad, velocity=0 rad/s
00:00:05.281 [Debug] Joint #0: angle=0.5 rad, velocity=0 rad/s
00:00:05.296 [Debug] Joint #1: angle=0.5 rad, velocity=0 rad/s
00:00:05.296 [Debug] Joint #0: angle=0.5 rad, velocity=0 rad/s
00:00:05.312 [Debug] Joint #1: angle=0.5 rad, velocity=0 rad/s
00:00:05.312 [Debug] Joint #0: angle=0.5 rad, velocity=0 rad/s
00:00:05.328 [Debug] Joint #1: angle=0.5 rad, velocity=0 rad/s
00:00:05.328 [Debug] Joint #0: angle=0.5 rad, velocity=0 rad/s
00:00:05.343 [Debug] Joint #1: angle=0.5 rad, velocity=0 rad/s
00:00:05.343 [Debug] Joint #0: angle=0.5 rad, velocity=0 rad/s
00:00:05.359 [Debug] Joint #1: angle=0.5 rad, velocity=0 rad/s
00:00:05.359 [Debug] Joint #0: angle=0.5 rad, velocity=0 rad/s
00:00:05.375 [Debug] Joint #1: angle=0.5 rad, velocity=0 rad/s
00:00:05.375 [Debug] Joint #0: angle=0.5 rad, velocity=0 rad/s
00:00:05.390 [Debug] Joint #1: angle=0.5 rad, velocity=0 rad/s
00:00:05.390 [Debug] Joint #0: angle=0.5 rad, velocity=0 rad/s
00:00:05.406 [Debug] Joint #1: angle=0.5 rad, velocity=0 rad/s
00:00:05.406 [Debug] Joint #0: angle=0.5 rad, velocity=0 rad/s
00:00:05.421 [Debug] Joint #1: angle=0.5 rad, velocity=0 rad/s
00:00:05.421 [Debug] Joint #0: angle=0.5 rad, velocity=0 rad/s
00:00:05.437 [Debug] Joint #1: angle=0.5 rad, velocity=0 rad/s
00:00:05.437 [Debug] Joint #0: angle=0.5 rad, velocity=0 rad/s
00:00:05.453 [Debug] Joint #1: angle=0.5 rad, velocity=0 rad/s
00:00:05.453 [Debug] Joint #0: angle=0.5 rad, velocity=0 rad/s
00:00:05.468 [Debug] Joint #1: angle=0.5 rad, velocity=0 rad/s
00:00:05.468 [Debug] Joint #0: angle=0.5 rad, velocity=0 rad/s
00:00:05.484 [Debug] Joint #1: angle=0.5 rad, velocity=0 rad/s
00:00:05.484 [Debug] Joint #0: angle=0.5 rad, velocity=0 rad/s
00:00:05.500 [Debug] Joint #1: angle=0.5 rad, velocity=0 rad/s
00:00:05.500 [Debug] Joint #0: angle=0.5 rad, velocity=0 rad/s
00:00:05.515 [Debug] Joint #1: angle=0.5 rad, velocity=0 rad/s
00:00:05.515 [Debug] Joint #0: angle=0.5 rad, velocity=0 rad/s
00:00:05.531 [Debug] Joint #1: angle=0.5 rad, velocity=0 rad/s
00:00:05.531 [Debug] Joint #0: angle=0.5 rad, velocity=0 rad/s
00:00:05.546 [Debug] Joint #1: angle=0.5 rad, velocity=0 rad/s
00:00:05.546 [Debug] Joint #0: angle=0.5 rad, velocity=0 rad/s
00:00:05.562 [Debug] Joint #1: angle=0.5 rad, velocity=0 rad/s
00:00:05.562 [Debug] Joint #0: angle=0.5 rad, velocity=0 rad/s
00:00:05.578 [Debug] Joint #1: angle=0.5 rad, velocity=0 rad/s
00:00:05.578 [Debug] Joint #0: angle=0.5 rad, velocity=0 rad/s
00:00:05.593 [Debug] Joint #1: angle=0.5 rad, velocity=0 rad/s
00:00:05.593 [Debug] Joint #0: angle=0.5 rad, velocity=0 rad/s
00:00:05.609 [Debug] Joint #1: angle=0.5 rad, velocity=0 rad/s
00:00:05.609 [Debug] Joint #0: angle=0.5 rad, velocity=0 rad/s
00:00:05.625 [Debug] Joint #1: angle=0.5 rad, velocity=0 rad/s
00:00:05.625 [Debug] Joint #0: angle=0.5 rad, velocity=0 rad/s
00:00:05.640 [Debug] Joint #1: angle=0.5 rad, velocity=0 rad/s
00:00:05.640 [Debug] Joint #0: angle=0.5 rad, velocity=0 rad/s
00:00:05.656 [Debug] Joint #1: angle=0.5 rad, velocity=0 rad/s
00:00:05.656 [Debug] Joint #0: angle=0.5 rad, velocity=0 rad/s
00:00:05.671 [Debug] Joint #1: angle=0.5 rad, velocity=0 rad/s
00:00:05.671 [Debug] Joint #0: angle=0.5 rad, velocity=0 rad/s
00:00:05.687 [Debug] Joint #1: angle=0.5 rad, velocity=0 rad/s
00:00:05.687 [Debug] Joint #0: angle=0.5 rad, velocity=0 rad/s
00:00:05.703 [Debug] Joint #1: angle=0.5 rad, velocity=0 rad/s
00:00:05.703 [Debug] Joint #0: angle=0.5 rad, velocity=0 rad/s
00:00:05.718 [Debug] Joint #1: angle=0.5 rad, velocity=0 rad/s
00:00:05.718 [Debug] Joint #0: angle=0.5 rad, velocity=0 rad/s
00:00:05.734 [Debug] Joint #1: angle=0.5 rad, velocity=0 rad/s
00:00:05.734 [Debug] Joint #0: angle=0.5 rad, velocity=0 rad/s
00:00:05.750 [Debug] Joint #1: angle=0.5 rad, velocity=0 rad/s
00:00:05.750 [Debug] Joint #0: angle=0.5 rad, velocity=0 rad/s
00:00:05.765 [Debug] Joint #1: angle=0.5 rad, velocity=0 rad/s
00:00:05.765 [Debug] Joint #0: angle=0.5 rad, velocity=0 rad/s
00:00:05.781 [Debug] Joint #1: angle=0.5 rad, velocity=0 rad/s
00:00:05.781 [Debug] Joint #0: angle=0.5 rad, velocity=0 rad/s
00:00:05.796 [Debug] Joint #1: angle=0.5 rad, velocity=0 rad/s
00:00:05.796 [Debug] Joint #0: angle=0.5 rad, velocity=0 rad/s
00:00:05.812 [Debug] Joint #1: angle=0.5 rad, velocity=0 rad/s
00:00:05.812 [Debug] Joint #0: angle=0.5 rad, velocity=0 rad/s
00:00:05.828 [Debug] Joint #1: angle=0.5 rad, velocity=0 rad/s
00:00:05.828 [Debug] Joint #0: angle=0.5 rad, velocity=0 rad/s
00:00:05.843 [Debug] Joint #1: angle=0.5 rad, velocity=0 rad/s
00:00:05.843 [Debug] Joint #0: angle=0.5 rad, velocity=0 rad/s
00:00:05.859 [Debug] Joint #1: angle=0.5 rad, velocity=0 rad/s
00:00:05.859 [Debug] Joint #0: angle=0.5 rad, velocity=0 rad/s
00:00:05.875 [Debug] Joint #1: angle=0.5 rad, velocity=0 rad/s
00:00:05.875 [Debug] Joint #0: angle=0.5 rad, velocity=0 rad/s
00:00:05.890 [Debug] Joint #1: angle=0.5 rad, velocity=0 rad/s
00:00:05.890 [Debug] Joint #0: angle=0.5 rad, velocity=0 rad/s
00:00:05.906 [Debug] Joint #1: angle=0.5 rad, velocity=0 rad/s
00:00:05.906 [Debug] Joint #0: angle=0.5 rad, velocity=0 rad/s
00:00:05.921 [Debug] Joint #1: angle=0.5 rad, velocity=0 rad/s
00:00:05.921 [Debug] Joint #0: angle=0.5 rad, velocity=0 rad/s
00:00:05.937 [Debug] Joint #1: angle=0.5 rad, velocity=0 rad/s
00:00:05.937 [Debug] Joint #0: angle=0.5 rad, velocity=0 rad/s
00:00:05.953 [Debug] Joint #1: angle=0.5 rad, velocity=0 rad/s
00:00:05.953 [Debug] Joint #0: angle=0.5 rad, velocity=0 rad/s
00:00:05.968 [Debug] Joint #1: angle=0.5 rad, velocity=0 rad/s
00:00:05.968 [Debug] Joint #0: angle=0.5 rad, velocity=0 rad/s
00:00:05.984 [Debug] Joint #1: angle=0.5 rad, velocity=0 rad/s
00:00:05.984 [Debug] Joint #0: angle=0.5 rad, velocity=0 rad/s
00:00:06.000 [Debug] Joint #1: angle=0.5 rad, velocity=0 rad/s
00:00:06.000 [Debug] Joint #0: angle=0.5 rad, velocity=0 rad/s
00:00:06.015 [Debug] Joint #1: angle=0.5 rad, velocity=0 rad/s
00:00:06.015 [Debug] Joint #0: angle=0.5 rad, velocity=0 rad/s
00:00:06.031 [Debug] Joint #1: angle=0.5 rad, velocity=0 rad/s
00:00:06.031 [Debug] Joint #0: angle=0.5 rad, velocity=0 rad/s
00:00:06.046 [Debug] Joint #1: angle=0.5 rad, velocity=0 rad/s
00:00:06.046 [Debug] Joint #0: angle=0.5 rad, velocity=0 rad/s
00:00:06.062 [Debug] Joint #1: angle=0.5 rad, velocity=0 rad/s
00:00:06.062 [Debug] Joint #0: angle=0.5 rad, velocity=0 rad/s
00:00:06.078 [Debug] Joint #1: angle=0.5 rad, velocity=0 rad/s
00:00:06.078 [Debug] Joint #0: angle=0.5 rad, velocity=0 rad/s
00:00:06.093 [Debug] Joint #1: angle=0.5 rad, velocity=0 rad/s
00:00:06.093 [Debug] Joint #0: angle=0.5 rad, velocity=0 rad/s
00:00:06.109 [Debug] Joint #1: angle=0.5 rad, velocity=0 rad/s
00:00:06.109 [Debug] Joint #0: angle=0.5 rad, velocity=0 rad/s
00:00:06.125 [Debug] Joint #1: angle=0.5 rad, velocity=0 rad/s
00:00:06.125 [Debug] Joint #0: angle=0.5 rad, velocity=0 rad/s
00:00:06.140 [Debug] Joint #1: angle=0.5 rad, velocity=0 rad/s
00:00:06.140 [Debug] Joint #0: angle=0.5 rad, velocity=0 rad/s
00:00:06.156 [Debug] Joint #1: angle=0.5 rad, velocity=0 rad/s
00:00:06.156 [Debug] Joint #0: angle=0.5 rad, velocity=0 rad/s
00:00:06.171 [Debug] Joint #1: angle=0.5 rad, velocity=0 rad/s
00:00:06.171 [Debug] Joint #0: angle=0.5 rad, velocity=0 rad/s
00:00:06.187 [Debug] Joint #1: angle=0.5 rad, velocity=0 rad/s
00:00:06.187 [Debug] Joint #0: angle=0.5 rad, velocity=0 rad/s
00:00:06.203 [Debug] Joint #1: angle=0.5 rad, velocity=0 rad/s
00:00:06.203 [Debug] Joint #0: angle=0.5 rad, velocity=0 rad/s
00:00:06.218 [Debug] Joint #1: angle=0.5 rad, velocity=0 rad/s
00:00:06.218 [Debug] Joint #0: angle=0.5 rad, velocity=0 rad/s
00:00:06.234 [Debug] Joint #1: angle=0.5 rad, velocity=0 rad/s
00:00:06.234 [Debug] Joint #0: angle=0.5 rad, velocity=0 rad/s
00:00:06.250 [Debug] Joint #1: angle=0.5 rad, velocity=0 rad/s
00:00:06.250 [Debug] Joint #0: angle=0.5 rad, velocity=0 rad/s
00:00:06.265 [Debug] Joint #1: angle=0.5 rad, velocity=0 rad/s
00:00:06.265 [Debug] Joint #0: angle=0.5 rad, velocity=0 rad/s
00:00:06.281 [Debug] Joint #1: angle=0.5 rad, velocity=0 rad/s
00:00:06.281 [Debug] Joint #0: angle=0.5 rad, velocity=0 rad/s
00:00:06.296 [Debug] Joint #1: angle=0.5 rad, velocity=0 rad/s
00:00:06.296 [Debug] Joint #0: angle=0.5 rad, velocity=0 rad/s
00:00:06.312 [Debug] Joint #1: angle=0.5 rad, velocity=0 rad/s
00:00:06.312 [Debug] Joint #0: angle=0.5 rad, velocity=0 rad/s
00:00:06.328 [Debug] Joint #1: angle=0.5 rad, velocity=0 rad/s
00:00:06.328 [Debug] Joint #0: angle=0.5 rad, velocity=0 rad/s
00:00:06.343 [Debug] Joint #1: angle=0.5 rad, velocity=0 rad/s
00:00:06.343 [Debug] Joint #0: angle=0.5 rad, velocity=0 rad/s
00:00:06.359 [Debug] Joint #1: angle=0.5 rad, velocity=0 rad/s
00:00:06.359 [Debug] Joint #0: angle=0.5 rad, velocity=0 rad/s
00:00:06.375 [Debug] Joint #1: angle=0.5 rad, velocity=0 rad/s
00:00:06.375 [Debug] Joint #0: angle=0.5 rad, velocity=0 rad/s
00:00:06.390 [Debug] Joint #1: angle=0.5 rad, velocity=0 rad/s
00:00:06.390 [Debug] Joint #0: angle=0.5 rad, velocity=0 rad/s
00:00:06.406 [Debug] Joint #1: angle=0.5 rad, velocity=0 rad/s
00:00:06.406 [Debug] Joint #0: angle=0.5 rad, velocity=0 rad/s
00:00:06.421 [Debug] Joint #1: angle=0.5 rad, velocity=0 rad/s
00:00:06.421 [Debug] Joint #0: angle=0.5 rad, velocity=0 rad/s
00:00:06.437 [Debug] Joint #1: angle=0.5 rad, velocity=0 rad/s
00:00:06.437 [Debug] Joint #0: angle=0.5 rad, velocity=0 rad/s
00:00:06.453 [Debug] Joint #1: angle=0.5 rad, velocity=0 rad/s
00:00:06.453 [Debug] Joint #0: angle=0.5 rad, velocity=0 rad/s
00:00:06.468 [Debug] Joint #1: angle=0.5 rad, velocity=0 rad/s
00:00:06.468 [Debug] Joint #0: angle=0.5 rad, velocity=0 rad/s
00:00:06.484 [Debug] Joint #1: angle=0.5 rad, velocity=0 rad/s
00:00:06.484 [Debug] Joint #0: angle=0.5 rad, velocity=0 rad/s
00:00:06.500 [Debug] Joint #1: angle=0.5 rad, velocity=0 rad/s
00:00:06.500 [Debug] Joint #0: angle=0.5 rad, velocity=0 rad/s
00:00:06.515 [Debug] Joint #1: angle=0.5 rad, velocity=0 rad/s
00:00:06.515 [Debug] Joint #0: angle=0.5 rad, velocity=0 rad/s
00:00:06.531 [Debug] Joint #1: angle=0.5 rad, velocity=0 rad/s
00:00:06.531 [Debug] Joint #0: angle=0.5 rad, velocity=0 rad/s
00:00:06.546 [Debug] Joint #1: angle=0.5 rad, velocity=0 rad/s
00:00:06.546 [Debug] Joint #0: angle=0.5 rad, velocity=0 rad/s
00:00:06.562 [Debug] Joint #1: angle=0.5 rad, velocity=0 rad/s
00:00:06.562 [Debug] Joint #0: angle=0.5 rad, velocity=0 rad/s
00:00:06.578 [Debug] Joint #1: angle=0.5 rad, velocity=0 rad/s
00:00:06.578 [Debug] Joint #0: angle=0.5 rad, velocity=0 rad/s
00:00:06.593 [Debug] Joint #1: angle=0.5 rad, velocity=0 rad/s
00:00:06.593 [Debug] Joint #0: angle=0.5 rad, velocity=0 rad/s
00:00:06.609 [Debug] Joint #1: angle=0.5 rad, velocity=0 rad/s
00:00:06.609 [Debug] Joint #0: angle=0.5 rad, velocity=0 rad/s
00:00:06.625 [Debug] Joint #1: angle=0.5 rad, velocity=0 rad/s
00:00:06.625 [Debug] Joint #0: angle=0.5 rad, velocity=0 rad/s
00:00:06.640 [Debug] Joint #1: angle=0.5 rad, velocity=0 rad/s
00:00:06.640 [Debug] Joint #0: angle=0.5 rad, velocity=0 rad/s
00:00:06.656 [Debug] Joint #1: angle=0.5 rad, velocity=0 rad/s
00:00:06.656 [Debug] Joint #0: angle=0.5 rad, velocity=0 rad/s
00:00:06.671 [Debug] Joint #1: angle=0.5 rad, velocity=0 rad/s
00:00:06.671 [Debug] Joint #0: angle=0.5 rad, velocity=0 rad/s
00:00:06.687 [Debug] Joint #1: angle=0.5 rad, velocity=0 rad/s
00:00:06.687 [Debug] Joint #0: angle=0.5 rad, velocity=0 rad/s
00:00:06.703 [Debug] Joint #1: angle=0.5 rad, velocity=0 rad/s
00:00:06.703 [Debug] Joint #0: angle=0.5 rad, velocity=0 rad/s
00:00:06.718 [Debug] Joint #1: angle=0.5 rad, velocity=0 rad/s
00:00:06.718 [Debug] Joint #0: angle=0.5 rad, velocity=0 rad/s
00:00:06.734 [Debug] Joint #1: angle=0.5 rad, velocity=0 rad/s
00:00:06.734 [Debug] Joint #0: angle=0.5 rad, velocity=0 rad/s
00:00:06.750 [Debug] Joint #1: angle=0.5 rad, velocity=0 rad/s
00:00:06.750 [Debug] Joint #0: angle=0.5 rad, velocity=0 rad/s
00:00:06.765 [Debug] Joint #1: angle=0.5 rad, velocity=0 rad/s
00:00:06.765 [Debug] Joint #0: angle=0.5 rad, velocity=0 rad/s
[2m2026-05-28T14:19:27.266574Z[0m [32m INFO[0m [1msystem[0m[1m{[0mname="<Enable the debug feature to see the name>"[1m}[0m[2m:[0m [2mbevy_window::system[0m[2m:[0m No windows are open, exiting
[2m2026-05-28T14:19:27.269539Z[0m [32m INFO[0m [1msystem[0m[1m{[0mname="<Enable the debug feature to see the name>"[1m}[0m[2m:[0m [2mbevy_winit::system[0m[2m:[0m Closing window 0v0
[?1049l[?1006l[?1015l[?1003l[?1002l[?1000lFlushing the unified Logger ...
Unified Logger flushed.
